  1>Building Custom Rule C:/Users/PREDATOR/Downloads/Compressed/darknet-master/darknet-master/CMakeLists.txt
  Compiling CUDA source file src\activation_kernels.cu...
  Compiling CUDA source file src\avgpool_layer_kernels.cu...
  Compiling CUDA source file src\blas_kernels.cu...
  Compiling CUDA source file src\col2im_kernels.cu...
  Compiling CUDA source file src\convolutional_kernels.cu...
  Compiling CUDA source file src\crop_layer_kernels.cu...
  Compiling CUDA source file src\deconvolutional_kernels.cu...
  
  C:\Users\PREDATOR\Downloads\Compressed\darknet-master\darknet-master>"C:\Program Files\NVIDIA GPU Computing Toolkit\CUDA\v11.6\bin\nvcc.exe"  --use-local-env -ccbin "C:\Program Files\Microsoft Visual Studio\2022\Community\VC\Tools\MSVC\14.35.32215\bin\HostX64\x64" -x cu   -I"C:\Users\PREDATOR\Downloads\Compressed\darknet-master\darknet-master\include" -I"C:\Users\PREDATOR\Downloads\Compressed\darknet-master\darknet-master\src" -I"C:\Users\PREDATOR\Downloads\Compressed\darknet-master\darknet-master\3rdparty\stb\include" -I"C:\Program Files\NVIDIA GPU Computing Toolkit\CUDA\v11.6\include" -I"C:\Program Files\opencv\build\include" -I"C:\Users\PREDATOR\Downloads\Compressed\darknet-master\darknet-master\3rdparty\pthreads\include" -I"C:\Program Files\NVIDIA GPU Computing Toolkit\CUDA\v11.6\include"     --keep-dir x64\Release  -maxrregcount=0  --machine 64 --compile -cudart shared -Wno-deprecated-declarations --generate-code=arch=compute_75,code=[compute_75,sm_75] -Xcompiler=",/nologo,/wd4013,/wd4018,/wd4028,/wd4047,/wd4068,/wd4090,/wd4101,/wd4113,/wd4133,/wd4190,/wd4244,/wd4267,/wd4305,/wd4477,/wd4996,/wd4819,/fp:fast,/DGPU,/DCUDNN,/DOPENCV /EHsc -Ob2"   -D_WINDOWS -DNDEBUG -DUSE_CMAKE_LIBS -DCUDNN -DCUDNN_HALF -DOPENCV -D_CRT_RAND_S -DNOMINMAX -D_USE_MATH_DEFINES -DGPU -D_TIMESPEC_DEFINED -D"CMAKE_INTDIR=\"Release\"" -D_MBCS -DWIN32 -D_WINDOWS -DNDEBUG -DUSE_CMAKE_LIBS -DCUDNN -DCUDNN_HALF -DOPENCV -D_CRT_RAND_S -DNOMINMAX -D_USE_MATH_DEFINES -DGPU -D_TIMESPEC_DEFINED -D"CMAKE_INTDIR=\"Release\"" -Xcompiler "/EHsc /W1 /nologo /O2 /Fddarknet.dir\Release\vc143.pdb /FS   /MD /GR" -o darknet.dir\Release\avgpool_layer_kernels.obj "C:\Users\PREDATOR\Downloads\Compressed\darknet-master\darknet-master\src\avgpool_layer_kernels.cu" 
  
  C:\Users\PREDATOR\Downloads\Compressed\darknet-master\darknet-master>"C:\Program Files\NVIDIA GPU Computing Toolkit\CUDA\v11.6\bin\nvcc.exe"  --use-local-env -ccbin "C:\Program Files\Microsoft Visual Studio\2022\Community\VC\Tools\MSVC\14.35.32215\bin\HostX64\x64" -x cu   -I"C:\Users\PREDATOR\Downloads\Compressed\darknet-master\darknet-master\include" -I"C:\Users\PREDATOR\Downloads\Compressed\darknet-master\darknet-master\src" -I"C:\Users\PREDATOR\Downloads\Compressed\darknet-master\darknet-master\3rdparty\stb\include" -I"C:\Program Files\NVIDIA GPU Computing Toolkit\CUDA\v11.6\include" -I"C:\Program Files\opencv\build\include" -I"C:\Users\PREDATOR\Downloads\Compressed\darknet-master\darknet-master\3rdparty\pthreads\include" -I"C:\Program Files\NVIDIA GPU Computing Toolkit\CUDA\v11.6\include"     --keep-dir x64\Release  -maxrregcount=0  --machine 64 --compile -cudart shared -Wno-deprecated-declarations --generate-code=arch=compute_75,code=[compute_75,sm_75] -Xcompiler=",/nologo,/wd4013,/wd4018,/wd4028,/wd4047,/wd4068,/wd4090,/wd4101,/wd4113,/wd4133,/wd4190,/wd4244,/wd4267,/wd4305,/wd4477,/wd4996,/wd4819,/fp:fast,/DGPU,/DCUDNN,/DOPENCV /EHsc -Ob2"   -D_WINDOWS -DNDEBUG -DUSE_CMAKE_LIBS -DCUDNN -DCUDNN_HALF -DOPENCV -D_CRT_RAND_S -DNOMINMAX -D_USE_MATH_DEFINES -DGPU -D_TIMESPEC_DEFINED -D"CMAKE_INTDIR=\"Release\"" -D_MBCS -DWIN32 -D_WINDOWS -DNDEBUG -DUSE_CMAKE_LIBS -DCUDNN -DCUDNN_HALF -DOPENCV -D_CRT_RAND_S -DNOMINMAX -D_USE_MATH_DEFINES -DGPU -D_TIMESPEC_DEFINED -D"CMAKE_INTDIR=\"Release\"" -Xcompiler "/EHsc /W1 /nologo /O2 /Fddarknet.dir\Release\vc143.pdb /FS   /MD /GR" -o darknet.dir\Release\activation_kernels.obj "C:\Users\PREDATOR\Downloads\Compressed\darknet-master\darknet-master\src\activation_kernels.cu" 
  
  C:\Users\PREDATOR\Downloads\Compressed\darknet-master\darknet-master>"C:\Program Files\NVIDIA GPU Computing Toolkit\CUDA\v11.6\bin\nvcc.exe"  --use-local-env -ccbin "C:\Program Files\Microsoft Visual Studio\2022\Community\VC\Tools\MSVC\14.35.32215\bin\HostX64\x64" -x cu   -I"C:\Users\PREDATOR\Downloads\Compressed\darknet-master\darknet-master\include" -I"C:\Users\PREDATOR\Downloads\Compressed\darknet-master\darknet-master\src" -I"C:\Users\PREDATOR\Downloads\Compressed\darknet-master\darknet-master\3rdparty\stb\include" -I"C:\Program Files\NVIDIA GPU Computing Toolkit\CUDA\v11.6\include" -I"C:\Program Files\opencv\build\include" -I"C:\Users\PREDATOR\Downloads\Compressed\darknet-master\darknet-master\3rdparty\pthreads\include" -I"C:\Program Files\NVIDIA GPU Computing Toolkit\CUDA\v11.6\include"     --keep-dir x64\Release  -maxrregcount=0  --machine 64 --compile -cudart shared -Wno-deprecated-declarations --generate-code=arch=compute_75,code=[compute_75,sm_75] -Xcompiler=",/nologo,/wd4013,/wd4018,/wd4028,/wd4047,/wd4068,/wd4090,/wd4101,/wd4113,/wd4133,/wd4190,/wd4244,/wd4267,/wd4305,/wd4477,/wd4996,/wd4819,/fp:fast,/DGPU,/DCUDNN,/DOPENCV /EHsc -Ob2"   -D_WINDOWS -DNDEBUG -DUSE_CMAKE_LIBS -DCUDNN -DCUDNN_HALF -DOPENCV -D_CRT_RAND_S -DNOMINMAX -D_USE_MATH_DEFINES -DGPU -D_TIMESPEC_DEFINED -D"CMAKE_INTDIR=\"Release\"" -D_MBCS -DWIN32 -D_WINDOWS -DNDEBUG -DUSE_CMAKE_LIBS -DCUDNN -DCUDNN_HALF -DOPENCV -D_CRT_RAND_S -DNOMINMAX -D_USE_MATH_DEFINES -DGPU -D_TIMESPEC_DEFINED -D"CMAKE_INTDIR=\"Release\"" -Xcompiler "/EHsc /W1 /nologo /O2 /Fddarknet.dir\Release\vc143.pdb /FS   /MD /GR" -o darknet.dir\Release\col2im_kernels.obj "C:\Users\PREDATOR\Downloads\Compressed\darknet-master\darknet-master\src\col2im_kernels.cu" 
  
  C:\Users\PREDATOR\Downloads\Compressed\darknet-master\darknet-master>"C:\Program Files\NVIDIA GPU Computing Toolkit\CUDA\v11.6\bin\nvcc.exe"  --use-local-env -ccbin "C:\Program Files\Microsoft Visual Studio\2022\Community\VC\Tools\MSVC\14.35.32215\bin\HostX64\x64" -x cu   -I"C:\Users\PREDATOR\Downloads\Compressed\darknet-master\darknet-master\include" -I"C:\Users\PREDATOR\Downloads\Compressed\darknet-master\darknet-master\src" -I"C:\Users\PREDATOR\Downloads\Compressed\darknet-master\darknet-master\3rdparty\stb\include" -I"C:\Program Files\NVIDIA GPU Computing Toolkit\CUDA\v11.6\include" -I"C:\Program Files\opencv\build\include" -I"C:\Users\PREDATOR\Downloads\Compressed\darknet-master\darknet-master\3rdparty\pthreads\include" -I"C:\Program Files\NVIDIA GPU Computing Toolkit\CUDA\v11.6\include"     --keep-dir x64\Release  -maxrregcount=0  --machine 64 --compile -cudart shared -Wno-deprecated-declarations --generate-code=arch=compute_75,code=[compute_75,sm_75] -Xcompiler=",/nologo,/wd4013,/wd4018,/wd4028,/wd4047,/wd4068,/wd4090,/wd4101,/wd4113,/wd4133,/wd4190,/wd4244,/wd4267,/wd4305,/wd4477,/wd4996,/wd4819,/fp:fast,/DGPU,/DCUDNN,/DOPENCV /EHsc -Ob2"   -D_WINDOWS -DNDEBUG -DUSE_CMAKE_LIBS -DCUDNN -DCUDNN_HALF -DOPENCV -D_CRT_RAND_S -DNOMINMAX -D_USE_MATH_DEFINES -DGPU -D_TIMESPEC_DEFINED -D"CMAKE_INTDIR=\"Release\"" -D_MBCS -DWIN32 -D_WINDOWS -DNDEBUG -DUSE_CMAKE_LIBS -DCUDNN -DCUDNN_HALF -DOPENCV -D_CRT_RAND_S -DNOMINMAX -D_USE_MATH_DEFINES -DGPU -D_TIMESPEC_DEFINED -D"CMAKE_INTDIR=\"Release\"" -Xcompiler "/EHsc /W1 /nologo /O2 /Fddarknet.dir\Release\vc143.pdb /FS   /MD /GR" -o darknet.dir\Release\blas_kernels.obj "C:\Users\PREDATOR\Downloads\Compressed\darknet-master\darknet-master\src\blas_kernels.cu" 
  
  C:\Users\PREDATOR\Downloads\Compressed\darknet-master\darknet-master>"C:\Program Files\NVIDIA GPU Computing Toolkit\CUDA\v11.6\bin\nvcc.exe"  --use-local-env -ccbin "C:\Program Files\Microsoft Visual Studio\2022\Community\VC\Tools\MSVC\14.35.32215\bin\HostX64\x64" -x cu   -I"C:\Users\PREDATOR\Downloads\Compressed\darknet-master\darknet-master\include" -I"C:\Users\PREDATOR\Downloads\Compressed\darknet-master\darknet-master\src" -I"C:\Users\PREDATOR\Downloads\Compressed\darknet-master\darknet-master\3rdparty\stb\include" -I"C:\Program Files\NVIDIA GPU Computing Toolkit\CUDA\v11.6\include" -I"C:\Program Files\opencv\build\include" -I"C:\Users\PREDATOR\Downloads\Compressed\darknet-master\darknet-master\3rdparty\pthreads\include" -I"C:\Program Files\NVIDIA GPU Computing Toolkit\CUDA\v11.6\include"     --keep-dir x64\Release  -maxrregcount=0  --machine 64 --compile -cudart shared -Wno-deprecated-declarations --generate-code=arch=compute_75,code=[compute_75,sm_75] -Xcompiler=",/nologo,/wd4013,/wd4018,/wd4028,/wd4047,/wd4068,/wd4090,/wd4101,/wd4113,/wd4133,/wd4190,/wd4244,/wd4267,/wd4305,/wd4477,/wd4996,/wd4819,/fp:fast,/DGPU,/DCUDNN,/DOPENCV /EHsc -Ob2"   -D_WINDOWS -DNDEBUG -DUSE_CMAKE_LIBS -DCUDNN -DCUDNN_HALF -DOPENCV -D_CRT_RAND_S -DNOMINMAX -D_USE_MATH_DEFINES -DGPU -D_TIMESPEC_DEFINED -D"CMAKE_INTDIR=\"Release\"" -D_MBCS -DWIN32 -D_WINDOWS -DNDEBUG -DUSE_CMAKE_LIBS -DCUDNN -DCUDNN_HALF -DOPENCV -D_CRT_RAND_S -DNOMINMAX -D_USE_MATH_DEFINES -DGPU -D_TIMESPEC_DEFINED -D"CMAKE_INTDIR=\"Release\"" -Xcompiler "/EHsc /W1 /nologo /O2 /Fddarknet.dir\Release\vc143.pdb /FS   /MD /GR" -o darknet.dir\Release\deconvolutional_kernels.obj "C:\Users\PREDATOR\Downloads\Compressed\darknet-master\darknet-master\src\deconvolutional_kernels.cu" 
  
  C:\Users\PREDATOR\Downloads\Compressed\darknet-master\darknet-master>"C:\Program Files\NVIDIA GPU Computing Toolkit\CUDA\v11.6\bin\nvcc.exe"  --use-local-env -ccbin "C:\Program Files\Microsoft Visual Studio\2022\Community\VC\Tools\MSVC\14.35.32215\bin\HostX64\x64" -x cu   -I"C:\Users\PREDATOR\Downloads\Compressed\darknet-master\darknet-master\include" -I"C:\Users\PREDATOR\Downloads\Compressed\darknet-master\darknet-master\src" -I"C:\Users\PREDATOR\Downloads\Compressed\darknet-master\darknet-master\3rdparty\stb\include" -I"C:\Program Files\NVIDIA GPU Computing Toolkit\CUDA\v11.6\include" -I"C:\Program Files\opencv\build\include" -I"C:\Users\PREDATOR\Downloads\Compressed\darknet-master\darknet-master\3rdparty\pthreads\include" -I"C:\Program Files\NVIDIA GPU Computing Toolkit\CUDA\v11.6\include"     --keep-dir x64\Release  -maxrregcount=0  --machine 64 --compile -cudart shared -Wno-deprecated-declarations --generate-code=arch=compute_75,code=[compute_75,sm_75] -Xcompiler=",/nologo,/wd4013,/wd4018,/wd4028,/wd4047,/wd4068,/wd4090,/wd4101,/wd4113,/wd4133,/wd4190,/wd4244,/wd4267,/wd4305,/wd4477,/wd4996,/wd4819,/fp:fast,/DGPU,/DCUDNN,/DOPENCV /EHsc -Ob2"   -D_WINDOWS -DNDEBUG -DUSE_CMAKE_LIBS -DCUDNN -DCUDNN_HALF -DOPENCV -D_CRT_RAND_S -DNOMINMAX -D_USE_MATH_DEFINES -DGPU -D_TIMESPEC_DEFINED -D"CMAKE_INTDIR=\"Release\"" -D_MBCS -DWIN32 -D_WINDOWS -DNDEBUG -DUSE_CMAKE_LIBS -DCUDNN -DCUDNN_HALF -DOPENCV -D_CRT_RAND_S -DNOMINMAX -D_USE_MATH_DEFINES -DGPU -D_TIMESPEC_DEFINED -D"CMAKE_INTDIR=\"Release\"" -Xcompiler "/EHsc /W1 /nologo /O2 /Fddarknet.dir\Release\vc143.pdb /FS   /MD /GR" -o darknet.dir\Release\crop_layer_kernels.obj "C:\Users\PREDATOR\Downloads\Compressed\darknet-master\darknet-master\src\crop_layer_kernels.cu" 
  
  C:\Users\PREDATOR\Downloads\Compressed\darknet-master\darknet-master>"C:\Program Files\NVIDIA GPU Computing Toolkit\CUDA\v11.6\bin\nvcc.exe"  --use-local-env -ccbin "C:\Program Files\Microsoft Visual Studio\2022\Community\VC\Tools\MSVC\14.35.32215\bin\HostX64\x64" -x cu   -I"C:\Users\PREDATOR\Downloads\Compressed\darknet-master\darknet-master\include" -I"C:\Users\PREDATOR\Downloads\Compressed\darknet-master\darknet-master\src" -I"C:\Users\PREDATOR\Downloads\Compressed\darknet-master\darknet-master\3rdparty\stb\include" -I"C:\Program Files\NVIDIA GPU Computing Toolkit\CUDA\v11.6\include" -I"C:\Program Files\opencv\build\include" -I"C:\Users\PREDATOR\Downloads\Compressed\darknet-master\darknet-master\3rdparty\pthreads\include" -I"C:\Program Files\NVIDIA GPU Computing Toolkit\CUDA\v11.6\include"     --keep-dir x64\Release  -maxrregcount=0  --machine 64 --compile -cudart shared -Wno-deprecated-declarations --generate-code=arch=compute_75,code=[compute_75,sm_75] -Xcompiler=",/nologo,/wd4013,/wd4018,/wd4028,/wd4047,/wd4068,/wd4090,/wd4101,/wd4113,/wd4133,/wd4190,/wd4244,/wd4267,/wd4305,/wd4477,/wd4996,/wd4819,/fp:fast,/DGPU,/DCUDNN,/DOPENCV /EHsc -Ob2"   -D_WINDOWS -DNDEBUG -DUSE_CMAKE_LIBS -DCUDNN -DCUDNN_HALF -DOPENCV -D_CRT_RAND_S -DNOMINMAX -D_USE_MATH_DEFINES -DGPU -D_TIMESPEC_DEFINED -D"CMAKE_INTDIR=\"Release\"" -D_MBCS -DWIN32 -D_WINDOWS -DNDEBUG -DUSE_CMAKE_LIBS -DCUDNN -DCUDNN_HALF -DOPENCV -D_CRT_RAND_S -DNOMINMAX -D_USE_MATH_DEFINES -DGPU -D_TIMESPEC_DEFINED -D"CMAKE_INTDIR=\"Release\"" -Xcompiler "/EHsc /W1 /nologo /O2 /Fddarknet.dir\Release\vc143.pdb /FS   /MD /GR" -o darknet.dir\Release\convolutional_kernels.obj "C:\Users\PREDATOR\Downloads\Compressed\darknet-master\darknet-master\src\convolutional_kernels.cu" 
C:\Users\PREDATOR\Downloads\Compressed\darknet-master\darknet-master\src\activation_kernels.cu(263): warning #177-D: variable "MISH_THRESHOLD" was declared but never referenced
  
C:\Users\PREDATOR\Downloads\Compressed\darknet-master\darknet-master\src\blas_kernels.cu(1086): warning #177-D: variable "out_index" was declared but never referenced
  
C:\Users\PREDATOR\Downloads\Compressed\darknet-master\darknet-master\src\blas_kernels.cu(1130): warning #550-D: variable "step" was set but never used
  
C:\Users\PREDATOR\Downloads\Compressed\darknet-master\darknet-master\src\blas_kernels.cu(1736): warning #177-D: variable "stage_id" was declared but never referenced
  
  avgpool_layer_kernels.cu
  col2im_kernels.cu
  activation_kernels.cu
  deconvolutional_kernels.cu
  crop_layer_kernels.cu
  convolutional_kernels.cu
  blas_kernels.cu
  Compiling CUDA source file src\dropout_layer_kernels.cu...
  Compiling CUDA source file src\im2col_kernels.cu...
  Compiling CUDA source file src\maxpool_layer_kernels.cu...
  Compiling CUDA source file src\network_kernels.cu...
  
  C:\Users\PREDATOR\Downloads\Compressed\darknet-master\darknet-master>"C:\Program Files\NVIDIA GPU Computing Toolkit\CUDA\v11.6\bin\nvcc.exe"  --use-local-env -ccbin "C:\Program Files\Microsoft Visual Studio\2022\Community\VC\Tools\MSVC\14.35.32215\bin\HostX64\x64" -x cu   -I"C:\Users\PREDATOR\Downloads\Compressed\darknet-master\darknet-master\include" -I"C:\Users\PREDATOR\Downloads\Compressed\darknet-master\darknet-master\src" -I"C:\Users\PREDATOR\Downloads\Compressed\darknet-master\darknet-master\3rdparty\stb\include" -I"C:\Program Files\NVIDIA GPU Computing Toolkit\CUDA\v11.6\include" -I"C:\Program Files\opencv\build\include" -I"C:\Users\PREDATOR\Downloads\Compressed\darknet-master\darknet-master\3rdparty\pthreads\include" -I"C:\Program Files\NVIDIA GPU Computing Toolkit\CUDA\v11.6\include"     --keep-dir x64\Release  -maxrregcount=0  --machine 64 --compile -cudart shared -Wno-deprecated-declarations --generate-code=arch=compute_75,code=[compute_75,sm_75] -Xcompiler=",/nologo,/wd4013,/wd4018,/wd4028,/wd4047,/wd4068,/wd4090,/wd4101,/wd4113,/wd4133,/wd4190,/wd4244,/wd4267,/wd4305,/wd4477,/wd4996,/wd4819,/fp:fast,/DGPU,/DCUDNN,/DOPENCV /EHsc -Ob2"   -D_WINDOWS -DNDEBUG -DUSE_CMAKE_LIBS -DCUDNN -DCUDNN_HALF -DOPENCV -D_CRT_RAND_S -DNOMINMAX -D_USE_MATH_DEFINES -DGPU -D_TIMESPEC_DEFINED -D"CMAKE_INTDIR=\"Release\"" -D_MBCS -DWIN32 -D_WINDOWS -DNDEBUG -DUSE_CMAKE_LIBS -DCUDNN -DCUDNN_HALF -DOPENCV -D_CRT_RAND_S -DNOMINMAX -D_USE_MATH_DEFINES -DGPU -D_TIMESPEC_DEFINED -D"CMAKE_INTDIR=\"Release\"" -Xcompiler "/EHsc /W1 /nologo /O2 /Fddarknet.dir\Release\vc143.pdb /FS   /MD /GR" -o darknet.dir\Release\dropout_layer_kernels.obj "C:\Users\PREDATOR\Downloads\Compressed\darknet-master\darknet-master\src\dropout_layer_kernels.cu" 
  
  C:\Users\PREDATOR\Downloads\Compressed\darknet-master\darknet-master>"C:\Program Files\NVIDIA GPU Computing Toolkit\CUDA\v11.6\bin\nvcc.exe"  --use-local-env -ccbin "C:\Program Files\Microsoft Visual Studio\2022\Community\VC\Tools\MSVC\14.35.32215\bin\HostX64\x64" -x cu   -I"C:\Users\PREDATOR\Downloads\Compressed\darknet-master\darknet-master\include" -I"C:\Users\PREDATOR\Downloads\Compressed\darknet-master\darknet-master\src" -I"C:\Users\PREDATOR\Downloads\Compressed\darknet-master\darknet-master\3rdparty\stb\include" -I"C:\Program Files\NVIDIA GPU Computing Toolkit\CUDA\v11.6\include" -I"C:\Program Files\opencv\build\include" -I"C:\Users\PREDATOR\Downloads\Compressed\darknet-master\darknet-master\3rdparty\pthreads\include" -I"C:\Program Files\NVIDIA GPU Computing Toolkit\CUDA\v11.6\include"     --keep-dir x64\Release  -maxrregcount=0  --machine 64 --compile -cudart shared -Wno-deprecated-declarations --generate-code=arch=compute_75,code=[compute_75,sm_75] -Xcompiler=",/nologo,/wd4013,/wd4018,/wd4028,/wd4047,/wd4068,/wd4090,/wd4101,/wd4113,/wd4133,/wd4190,/wd4244,/wd4267,/wd4305,/wd4477,/wd4996,/wd4819,/fp:fast,/DGPU,/DCUDNN,/DOPENCV /EHsc -Ob2"   -D_WINDOWS -DNDEBUG -DUSE_CMAKE_LIBS -DCUDNN -DCUDNN_HALF -DOPENCV -D_CRT_RAND_S -DNOMINMAX -D_USE_MATH_DEFINES -DGPU -D_TIMESPEC_DEFINED -D"CMAKE_INTDIR=\"Release\"" -D_MBCS -DWIN32 -D_WINDOWS -DNDEBUG -DUSE_CMAKE_LIBS -DCUDNN -DCUDNN_HALF -DOPENCV -D_CRT_RAND_S -DNOMINMAX -D_USE_MATH_DEFINES -DGPU -D_TIMESPEC_DEFINED -D"CMAKE_INTDIR=\"Release\"" -Xcompiler "/EHsc /W1 /nologo /O2 /Fddarknet.dir\Release\vc143.pdb /FS   /MD /GR" -o darknet.dir\Release\maxpool_layer_kernels.obj "C:\Users\PREDATOR\Downloads\Compressed\darknet-master\darknet-master\src\maxpool_layer_kernels.cu" 
  
  C:\Users\PREDATOR\Downloads\Compressed\darknet-master\darknet-master>"C:\Program Files\NVIDIA GPU Computing Toolkit\CUDA\v11.6\bin\nvcc.exe"  --use-local-env -ccbin "C:\Program Files\Microsoft Visual Studio\2022\Community\VC\Tools\MSVC\14.35.32215\bin\HostX64\x64" -x cu   -I"C:\Users\PREDATOR\Downloads\Compressed\darknet-master\darknet-master\include" -I"C:\Users\PREDATOR\Downloads\Compressed\darknet-master\darknet-master\src" -I"C:\Users\PREDATOR\Downloads\Compressed\darknet-master\darknet-master\3rdparty\stb\include" -I"C:\Program Files\NVIDIA GPU Computing Toolkit\CUDA\v11.6\include" -I"C:\Program Files\opencv\build\include" -I"C:\Users\PREDATOR\Downloads\Compressed\darknet-master\darknet-master\3rdparty\pthreads\include" -I"C:\Program Files\NVIDIA GPU Computing Toolkit\CUDA\v11.6\include"     --keep-dir x64\Release  -maxrregcount=0  --machine 64 --compile -cudart shared -Wno-deprecated-declarations --generate-code=arch=compute_75,code=[compute_75,sm_75] -Xcompiler=",/nologo,/wd4013,/wd4018,/wd4028,/wd4047,/wd4068,/wd4090,/wd4101,/wd4113,/wd4133,/wd4190,/wd4244,/wd4267,/wd4305,/wd4477,/wd4996,/wd4819,/fp:fast,/DGPU,/DCUDNN,/DOPENCV /EHsc -Ob2"   -D_WINDOWS -DNDEBUG -DUSE_CMAKE_LIBS -DCUDNN -DCUDNN_HALF -DOPENCV -D_CRT_RAND_S -DNOMINMAX -D_USE_MATH_DEFINES -DGPU -D_TIMESPEC_DEFINED -D"CMAKE_INTDIR=\"Release\"" -D_MBCS -DWIN32 -D_WINDOWS -DNDEBUG -DUSE_CMAKE_LIBS -DCUDNN -DCUDNN_HALF -DOPENCV -D_CRT_RAND_S -DNOMINMAX -D_USE_MATH_DEFINES -DGPU -D_TIMESPEC_DEFINED -D"CMAKE_INTDIR=\"Release\"" -Xcompiler "/EHsc /W1 /nologo /O2 /Fddarknet.dir\Release\vc143.pdb /FS   /MD /GR" -o darknet.dir\Release\network_kernels.obj "C:\Users\PREDATOR\Downloads\Compressed\darknet-master\darknet-master\src\network_kernels.cu" 
  
  C:\Users\PREDATOR\Downloads\Compressed\darknet-master\darknet-master>"C:\Program Files\NVIDIA GPU Computing Toolkit\CUDA\v11.6\bin\nvcc.exe"  --use-local-env -ccbin "C:\Program Files\Microsoft Visual Studio\2022\Community\VC\Tools\MSVC\14.35.32215\bin\HostX64\x64" -x cu   -I"C:\Users\PREDATOR\Downloads\Compressed\darknet-master\darknet-master\include" -I"C:\Users\PREDATOR\Downloads\Compressed\darknet-master\darknet-master\src" -I"C:\Users\PREDATOR\Downloads\Compressed\darknet-master\darknet-master\3rdparty\stb\include" -I"C:\Program Files\NVIDIA GPU Computing Toolkit\CUDA\v11.6\include" -I"C:\Program Files\opencv\build\include" -I"C:\Users\PREDATOR\Downloads\Compressed\darknet-master\darknet-master\3rdparty\pthreads\include" -I"C:\Program Files\NVIDIA GPU Computing Toolkit\CUDA\v11.6\include"     --keep-dir x64\Release  -maxrregcount=0  --machine 64 --compile -cudart shared -Wno-deprecated-declarations --generate-code=arch=compute_75,code=[compute_75,sm_75] -Xcompiler=",/nologo,/wd4013,/wd4018,/wd4028,/wd4047,/wd4068,/wd4090,/wd4101,/wd4113,/wd4133,/wd4190,/wd4244,/wd4267,/wd4305,/wd4477,/wd4996,/wd4819,/fp:fast,/DGPU,/DCUDNN,/DOPENCV /EHsc -Ob2"   -D_WINDOWS -DNDEBUG -DUSE_CMAKE_LIBS -DCUDNN -DCUDNN_HALF -DOPENCV -D_CRT_RAND_S -DNOMINMAX -D_USE_MATH_DEFINES -DGPU -D_TIMESPEC_DEFINED -D"CMAKE_INTDIR=\"Release\"" -D_MBCS -DWIN32 -D_WINDOWS -DNDEBUG -DUSE_CMAKE_LIBS -DCUDNN -DCUDNN_HALF -DOPENCV -D_CRT_RAND_S -DNOMINMAX -D_USE_MATH_DEFINES -DGPU -D_TIMESPEC_DEFINED -D"CMAKE_INTDIR=\"Release\"" -Xcompiler "/EHsc /W1 /nologo /O2 /Fddarknet.dir\Release\vc143.pdb /FS   /MD /GR" -o darknet.dir\Release\im2col_kernels.obj "C:\Users\PREDATOR\Downloads\Compressed\darknet-master\darknet-master\src\im2col_kernels.cu" 
C:\Users\PREDATOR\Downloads\Compressed\darknet-master\darknet-master\src\network_kernels.cu(379): warning #177-D: variable "l" was declared but never referenced
  
C:\Users\PREDATOR\Downloads\Compressed\darknet-master\darknet-master\src\im2col_kernels.cu(1389): warning #20199-D: unrecognized #pragma in device code
  
  dropout_layer_kernels.cu
  network_kernels.cu
  maxpool_layer_kernels.cu
  im2col_kernels.cu
  darknet.c
  activation_layer.c
  activations.c
  art.c
  avgpool_layer.c
  batchnorm_layer.c
  blas.c
  box.c
  captcha.c
  cifar.c
  classifier.c
  coco.c
  col2im.c
  compare.c
  connected_layer.c
  conv_lstm_layer.c
  convolutional_layer.c
  cost_layer.c
  cpu_gemm.c
  crnn_layer.c
  Generating Code...
  Compiling...
  crop_layer.c
  dark_cuda.c
  data.c
  deconvolutional_layer.c
  demo.c
  detection_layer.c
  detector.c
  dice.c
  dropout_layer.c
  gaussian_yolo_layer.c
  gemm.c
  getopt.c
  gettimeofday.c
  go.c
  gru_layer.c
  im2col.c
  image.c
  layer.c
  list.c
  local_layer.c
  Generating Code...
  Compiling...
  lstm_layer.c
  matrix.c
  maxpool_layer.c
  network.c
  nightmare.c
  normalization_layer.c
  option_list.c
  parser.c
  region_layer.c
  reorg_layer.c
  reorg_old_layer.c
  representation_layer.c
  rnn.c
  rnn_layer.c
  rnn_vid.c
  route_layer.c
  sam_layer.c
  scale_channels_layer.c
  shortcut_layer.c
  softmax_layer.c
  Generating Code...
  Compiling...
  super.c
  swag.c
  tag.c
  tree.c
  upsample_layer.c
  utils.c
  voxel.c
  writing.c
  yolo.c
  yolo_layer.c
  Generating Code...
  http_stream.cpp
  image_opencv.cpp
  Generating Code...
  darknet.vcxproj -> C:\Users\PREDATOR\Downloads\Compressed\darknet-master\darknet-master\Release\darknet.exe
